This file contains any messages produced by compilers while
running configure, to aid debugging if configure makes a mistake.

It was created by configure, which was
generated by GNU Autoconf 2.61.  Invocation command line was

  $ ./configure 

## --------- ##
## Platform. ##
## --------- ##

hostname = sergiy-startup
uname -m = x86_64
uname -r = 3.13.0-66-generic
uname -s = Linux
uname -v = #108-Ubuntu SMP Wed Oct 7 15:20:27 UTC 2015

/usr/bin/uname -p = unknown
/bin/uname -X     = unknown

/bin/arch              = unknown
/usr/bin/arch -k       = unknown
/usr/convex/getsysinfo = unknown
/usr/bin/hostinfo      = unknown
/bin/machine           = unknown
/usr/bin/oslevel       = unknown
/bin/universe          = unknown

PATH: /usr/local/cuda-7.0/bin
PATH: /usr/local/sbin
PATH: /usr/local/bin
PATH: /usr/sbin
PATH: /usr/bin
PATH: /sbin
PATH: /bin
PATH: /usr/games
PATH: /usr/local/games


## ----------- ##
## Core tests. ##
## ----------- ##

configure:1977: checking for a BSD-compatible install
configure:2033: result: /usr/bin/install -c
configure:2044: checking whether build environment is sane
configure:2087: result: yes
configure:2115: checking for a thread-safe mkdir -p
configure:2154: result: /bin/mkdir -p
configure:2167: checking for gawk
configure:2197: result: no
configure:2167: checking for mawk
configure:2183: found /usr/bin/mawk
configure:2194: result: mawk
configure:2205: checking whether make sets $(MAKE)
configure:2226: result: yes
configure:2501: checking for g++
configure:2517: found /usr/bin/g++
configure:2528: result: g++
configure:2559: checking for C++ compiler version
configure:2566: g++ --version >&5
g++ (Ubuntu 4.8.4-2ubuntu1~14.04) 4.8.4
Copyright (C) 2013 Free Software Foundation, Inc.
This is free software; see the source for copying conditions.  There is NO
warranty; not even for MERCHANTABILITY or FITNESS FOR A PARTICULAR PURPOSE.

configure:2569: $? = 0
configure:2576: g++ -v >&5
Using built-in specs.
COLLECT_GCC=g++
COLLECT_LTO_WRAPPER=/usr/lib/gcc/x86_64-linux-gnu/4.8/lto-wrapper
Target: x86_64-linux-gnu
Configured with: ../src/configure -v --with-pkgversion='Ubuntu 4.8.4-2ubuntu1~14.04' --with-bugurl=file:///usr/share/doc/gcc-4.8/README.Bugs --enable-languages=c,c++,java,go,d,fortran,objc,obj-c++ --prefix=/usr --program-suffix=-4.8 --enable-shared --enable-linker-build-id --libexecdir=/usr/lib --without-included-gettext --enable-threads=posix --with-gxx-include-dir=/usr/include/c++/4.8 --libdir=/usr/lib --enable-nls --with-sysroot=/ --enable-clocale=gnu --enable-libstdcxx-debug --enable-libstdcxx-time=yes --enable-gnu-unique-object --disable-libmudflap --enable-plugin --with-system-zlib --disable-browser-plugin --enable-java-awt=gtk --enable-gtk-cairo --with-java-home=/usr/lib/jvm/java-1.5.0-gcj-4.8-amd64/jre --enable-java-home --with-jvm-root-dir=/usr/lib/jvm/java-1.5.0-gcj-4.8-amd64 --with-jvm-jar-dir=/usr/lib/jvm-exports/java-1.5.0-gcj-4.8-amd64 --with-arch-directory=amd64 --with-ecj-jar=/usr/share/java/eclipse-ecj.jar --enable-objc-gc --enable-multiarch --disable-werror --with-arch-32=i686 --with-abi=m64 --with-multilib-list=m32,m64,mx32 --with-tune=generic --enable-checking=release --build=x86_64-linux-gnu --host=x86_64-linux-gnu --target=x86_64-linux-gnu
Thread model: posix
gcc version 4.8.4 (Ubuntu 4.8.4-2ubuntu1~14.04) 
configure:2579: $? = 0
configure:2586: g++ -V >&5
g++: error: unrecognized command line option '-V'
g++: fatal error: no input files
compilation terminated.
configure:2589: $? = 4
configure:2612: checking for C++ compiler default output file name
configure:2639: g++    conftest.cpp  >&5
configure:2642: $? = 0
configure:2680: result: a.out
configure:2697: checking whether the C++ compiler works
configure:2707: ./a.out
configure:2710: $? = 0
configure:2727: result: yes
configure:2734: checking whether we are cross compiling
configure:2736: result: no
configure:2739: checking for suffix of executables
configure:2746: g++ -o conftest    conftest.cpp  >&5
configure:2749: $? = 0
configure:2773: result: 
configure:2779: checking for suffix of object files
configure:2805: g++ -c   conftest.cpp >&5
configure:2808: $? = 0
configure:2831: result: o
configure:2835: checking whether we are using the GNU C++ compiler
configure:2864: g++ -c   conftest.cpp >&5
configure:2870: $? = 0
configure:2887: result: yes
configure:2892: checking whether g++ accepts -g
configure:2922: g++ -c -g  conftest.cpp >&5
configure:2928: $? = 0
configure:3027: result: yes
configure:3061: checking for style of include used by make
configure:3089: result: GNU
configure:3114: checking dependency style of g++
configure:3205: result: gcc3
configure:3268: checking for gcc
configure:3284: found /usr/bin/gcc
configure:3295: result: gcc
configure:3533: checking for C compiler version
configure:3540: gcc --version >&5
gcc (Ubuntu 4.8.4-2ubuntu1~14.04) 4.8.4
Copyright (C) 2013 Free Software Foundation, Inc.
This is free software; see the source for copying conditions.  There is NO
warranty; not even for MERCHANTABILITY or FITNESS FOR A PARTICULAR PURPOSE.

configure:3543: $? = 0
configure:3550: gcc -v >&5
Using built-in specs.
COLLECT_GCC=gcc
COLLECT_LTO_WRAPPER=/usr/lib/gcc/x86_64-linux-gnu/4.8/lto-wrapper
Target: x86_64-linux-gnu
Configured with: ../src/configure -v --with-pkgversion='Ubuntu 4.8.4-2ubuntu1~14.04' --with-bugurl=file:///usr/share/doc/gcc-4.8/README.Bugs --enable-languages=c,c++,java,go,d,fortran,objc,obj-c++ --prefix=/usr --program-suffix=-4.8 --enable-shared --enable-linker-build-id --libexecdir=/usr/lib --without-included-gettext --enable-threads=posix --with-gxx-include-dir=/usr/include/c++/4.8 --libdir=/usr/lib --enable-nls --with-sysroot=/ --enable-clocale=gnu --enable-libstdcxx-debug --enable-libstdcxx-time=yes --enable-gnu-unique-object --disable-libmudflap --enable-plugin --with-system-zlib --disable-browser-plugin --enable-java-awt=gtk --enable-gtk-cairo --with-java-home=/usr/lib/jvm/java-1.5.0-gcj-4.8-amd64/jre --enable-java-home --with-jvm-root-dir=/usr/lib/jvm/java-1.5.0-gcj-4.8-amd64 --with-jvm-jar-dir=/usr/lib/jvm-exports/java-1.5.0-gcj-4.8-amd64 --with-arch-directory=amd64 --with-ecj-jar=/usr/share/java/eclipse-ecj.jar --enable-objc-gc --enable-multiarch --disable-werror --with-arch-32=i686 --with-abi=m64 --with-multilib-list=m32,m64,mx32 --with-tune=generic --enable-checking=release --build=x86_64-linux-gnu --host=x86_64-linux-gnu --target=x86_64-linux-gnu
Thread model: posix
gcc version 4.8.4 (Ubuntu 4.8.4-2ubuntu1~14.04) 
configure:3553: $? = 0
configure:3560: gcc -V >&5
gcc: error: unrecognized command line option '-V'
gcc: fatal error: no input files
compilation terminated.
configure:3563: $? = 4
configure:3566: checking whether we are using the GNU C compiler
configure:3595: gcc -c   conftest.c >&5
configure:3601: $? = 0
configure:3618: result: yes
configure:3623: checking whether gcc accepts -g
configure:3653: gcc -c -g  conftest.c >&5
configure:3659: $? = 0
configure:3758: result: yes
configure:3775: checking for gcc option to accept ISO C89
configure:3849: gcc  -c -g -O2  conftest.c >&5
configure:3855: $? = 0
configure:3878: result: none needed
configure:3898: checking dependency style of gcc
configure:3989: result: gcc3
configure:4009: checking for flex
configure:4039: result: no
configure:4009: checking for lex
configure:4039: result: no
configure:4216: checking for bison
configure:4246: result: no
configure:4216: checking for byacc
configure:4246: result: no
configure:4309: checking build system type
configure:4327: result: x86_64-unknown-linux-gnu
configure:4349: checking host system type
configure:4364: result: x86_64-unknown-linux-gnu
configure:4386: checking for a sed that does not truncate output
configure:4440: result: /bin/sed
configure:4443: checking for grep that handles long lines and -e
configure:4517: result: /bin/grep
configure:4522: checking for egrep
configure:4600: result: /bin/grep -E
configure:4616: checking for ld used by gcc
configure:4683: result: /usr/bin/ld
configure:4692: checking if the linker (/usr/bin/ld) is GNU ld
configure:4707: result: yes
configure:4712: checking for /usr/bin/ld option to reload object files
configure:4719: result: -r
configure:4737: checking for BSD-compatible nm
configure:4786: result: /usr/bin/nm -B
configure:4790: checking whether ln -s works
configure:4794: result: yes
configure:4801: checking how to recognise dependent libraries
configure:4977: result: pass_all
configure:5064: gcc -c -g -O2  conftest.c >&5
configure:5067: $? = 0
configure:5210: checking how to run the C preprocessor
configure:5250: gcc -E  conftest.c
configure:5256: $? = 0
configure:5287: gcc -E  conftest.c
conftest.c:10:28: fatal error: ac_nonexistent.h: No such file or directory
 #include <ac_nonexistent.h>
                            ^
compilation terminated.
configure:5293: $? = 1
configure: failed program was:
| /* confdefs.h.  */
| #define PACKAGE_NAME ""
| #define PACKAGE_TARNAME ""
| #define PACKAGE_VERSION ""
| #define PACKAGE_STRING ""
| #define PACKAGE_BUGREPORT ""
| #define PACKAGE "htmlcxx"
| #define VERSION "0.84"
| /* end confdefs.h.  */
| #include <ac_nonexistent.h>
configure:5326: result: gcc -E
configure:5355: gcc -E  conftest.c
configure:5361: $? = 0
configure:5392: gcc -E  conftest.c
conftest.c:10:28: fatal error: ac_nonexistent.h: No such file or directory
 #include <ac_nonexistent.h>
                            ^
compilation terminated.
configure:5398: $? = 1
configure: failed program was:
| /* confdefs.h.  */
| #define PACKAGE_NAME ""
| #define PACKAGE_TARNAME ""
| #define PACKAGE_VERSION ""
| #define PACKAGE_STRING ""
| #define PACKAGE_BUGREPORT ""
| #define PACKAGE "htmlcxx"
| #define VERSION "0.84"
| /* end confdefs.h.  */
| #include <ac_nonexistent.h>
configure:5436: checking for ANSI C header files
configure:5466: gcc -c -g -O2  conftest.c >&5
configure:5472: $? = 0
configure:5571: gcc -o conftest -g -O2   conftest.c  >&5
configure:5574: $? = 0
configure:5580: ./conftest
configure:5583: $? = 0
configure:5600: result: yes
configure:5624: checking for sys/types.h
configure:5645: gcc -c -g -O2  conftest.c >&5
configure:5651: $? = 0
configure:5667: result: yes
configure:5624: checking for sys/stat.h
configure:5645: gcc -c -g -O2  conftest.c >&5
configure:5651: $? = 0
configure:5667: result: yes
configure:5624: checking for stdlib.h
configure:5645: gcc -c -g -O2  conftest.c >&5
configure:5651: $? = 0
configure:5667: result: yes
configure:5624: checking for string.h
configure:5645: gcc -c -g -O2  conftest.c >&5
configure:5651: $? = 0
configure:5667: result: yes
configure:5624: checking for memory.h
configure:5645: gcc -c -g -O2  conftest.c >&5
configure:5651: $? = 0
configure:5667: result: yes
configure:5624: checking for strings.h
configure:5645: gcc -c -g -O2  conftest.c >&5
configure:5651: $? = 0
configure:5667: result: yes
configure:5624: checking for inttypes.h
configure:5645: gcc -c -g -O2  conftest.c >&5
configure:5651: $? = 0
configure:5667: result: yes
configure:5624: checking for stdint.h
configure:5645: gcc -c -g -O2  conftest.c >&5
configure:5651: $? = 0
configure:5667: result: yes
configure:5624: checking for unistd.h
configure:5645: gcc -c -g -O2  conftest.c >&5
configure:5651: $? = 0
configure:5667: result: yes
configure:5694: checking dlfcn.h usability
configure:5711: gcc -c -g -O2  conftest.c >&5
configure:5717: $? = 0
configure:5731: result: yes
configure:5735: checking dlfcn.h presence
configure:5750: gcc -E  conftest.c
configure:5756: $? = 0
configure:5770: result: yes
configure:5798: checking for dlfcn.h
configure:5806: result: yes
configure:5829: checking how to run the C++ preprocessor
configure:5865: g++ -E  conftest.cpp
configure:5871: $? = 0
configure:5902: g++ -E  conftest.cpp
conftest.cpp:21:28: fatal error: ac_nonexistent.h: No such file or directory
 #include <ac_nonexistent.h>
                            ^
compilation terminated.
configure:5908: $? = 1
configure: failed program was:
| /* confdefs.h.  */
| #define PACKAGE_NAME ""
| #define PACKAGE_TARNAME ""
| #define PACKAGE_VERSION ""
| #define PACKAGE_STRING ""
| #define PACKAGE_BUGREPORT ""
| #define PACKAGE "htmlcxx"
| #define VERSION "0.84"
| #define STDC_HEADERS 1
| #define HAVE_SYS_TYPES_H 1
| #define HAVE_SYS_STAT_H 1
| #define HAVE_STDLIB_H 1
| #define HAVE_STRING_H 1
| #define HAVE_MEMORY_H 1
| #define HAVE_STRINGS_H 1
| #define HAVE_INTTYPES_H 1
| #define HAVE_STDINT_H 1
| #define HAVE_UNISTD_H 1
| #define HAVE_DLFCN_H 1
| /* end confdefs.h.  */
| #include <ac_nonexistent.h>
configure:5941: result: g++ -E
configure:5970: g++ -E  conftest.cpp
configure:5976: $? = 0
configure:6007: g++ -E  conftest.cpp
conftest.cpp:21:28: fatal error: ac_nonexistent.h: No such file or directory
 #include <ac_nonexistent.h>
                            ^
compilation terminated.
configure:6013: $? = 1
configure: failed program was:
| /* confdefs.h.  */
| #define PACKAGE_NAME ""
| #define PACKAGE_TARNAME ""
| #define PACKAGE_VERSION ""
| #define PACKAGE_STRING ""
| #define PACKAGE_BUGREPORT ""
| #define PACKAGE "htmlcxx"
| #define VERSION "0.84"
| #define STDC_HEADERS 1
| #define HAVE_SYS_TYPES_H 1
| #define HAVE_SYS_STAT_H 1
| #define HAVE_STDLIB_H 1
| #define HAVE_STRING_H 1
| #define HAVE_MEMORY_H 1
| #define HAVE_STRINGS_H 1
| #define HAVE_INTTYPES_H 1
| #define HAVE_STDINT_H 1
| #define HAVE_UNISTD_H 1
| #define HAVE_DLFCN_H 1
| /* end confdefs.h.  */
| #include <ac_nonexistent.h>
configure:6106: checking for g77
configure:6136: result: no
configure:6106: checking for xlf
configure:6136: result: no
configure:6106: checking for f77
configure:6136: result: no
configure:6106: checking for frt
configure:6136: result: no
configure:6106: checking for pgf77
configure:6136: result: no
configure:6106: checking for cf77
configure:6136: result: no
configure:6106: checking for fort77
configure:6136: result: no
configure:6106: checking for fl32
configure:6136: result: no
configure:6106: checking for af77
configure:6136: result: no
configure:6106: checking for xlf90
configure:6136: result: no
configure:6106: checking for f90
configure:6136: result: no
configure:6106: checking for pgf90
configure:6136: result: no
configure:6106: checking for pghpf
configure:6136: result: no
configure:6106: checking for epcf90
configure:6136: result: no
configure:6106: checking for gfortran
configure:6136: result: no
configure:6106: checking for g95
configure:6136: result: no
configure:6106: checking for xlf95
configure:6136: result: no
configure:6106: checking for f95
configure:6136: result: no
configure:6106: checking for fort
configure:6136: result: no
configure:6106: checking for ifort
configure:6136: result: no
configure:6106: checking for ifc
configure:6136: result: no
configure:6106: checking for efc
configure:6136: result: no
configure:6106: checking for pgf95
configure:6136: result: no
configure:6106: checking for lf95
configure:6136: result: no
configure:6106: checking for ftn
configure:6136: result: no
configure:6163: checking for Fortran 77 compiler version
configure:6170:  --version >&5
./configure: line 6171: --version: command not found
configure:6173: $? = 127
configure:6180:  -v >&5
./configure: line 6181: -v: command not found
configure:6183: $? = 127
configure:6190:  -V >&5
./configure: line 6191: -V: command not found
configure:6193: $? = 127
configure:6201: checking whether we are using the GNU Fortran 77 compiler
configure:6220:  -c  conftest.F >&5
./configure: line 6221: -c: command not found
configure:6226: $? = 127
configure: failed program was:
|       program main
| #ifndef __GNUC__
|        choke me
| #endif
| 
|       end
configure:6243: result: no
configure:6249: checking whether  accepts -g
configure:6266:  -c -g conftest.f >&5
./configure: line 6267: -c: command not found
configure:6272: $? = 127
configure: failed program was:
|       program main
| 
|       end
configure:6288: result: no
configure:6318: checking the maximum length of command line arguments
configure:6427: result: 32768
configure:6438: checking command to parse /usr/bin/nm -B output from gcc object
configure:6543: gcc -c -g -O2  conftest.c >&5
configure:6546: $? = 0
configure:6550: /usr/bin/nm -B conftest.o \| sed -n -e 's/^.*[ 	]\([ABCDGIRSTW][ABCDGIRSTW]*\)[ 	][ 	]*\([_A-Za-z][_A-Za-z0-9]*\)$/\1 \2 \2/p' \> conftest.nm
configure:6553: $? = 0
configure:6605: gcc -o conftest -g -O2   conftest.c conftstm.o >&5
configure:6608: $? = 0
configure:6646: result: ok
configure:6650: checking for objdir
configure:6665: result: .libs
configure:6757: checking for ar
configure:6773: found /usr/bin/ar
configure:6784: result: ar
configure:6853: checking for ranlib
configure:6869: found /usr/bin/ranlib
configure:6880: result: ranlib
configure:6949: checking for strip
configure:6965: found /usr/bin/strip
configure:6976: result: strip
configure:7262: checking if gcc supports -fno-rtti -fno-exceptions
configure:7280: gcc -c -g -O2  -fno-rtti -fno-exceptions conftest.c >&5
cc1: warning: command line option '-fno-rtti' is valid for C++/ObjC++ but not for C [enabled by default]
configure:7284: $? = 0
configure:7297: result: no
configure:7312: checking for gcc option to produce PIC
configure:7522: result: -fPIC
configure:7530: checking if gcc PIC flag -fPIC works
configure:7548: gcc -c -g -O2  -fPIC -DPIC conftest.c >&5
configure:7552: $? = 0
configure:7565: result: yes
configure:7593: checking if gcc static flag -static works
configure:7621: result: yes
configure:7631: checking if gcc supports -c -o file.o
configure:7652: gcc -c -g -O2  -o out/conftest2.o conftest.c >&5
configure:7656: $? = 0
configure:7678: result: yes
configure:7704: checking whether the gcc linker (/usr/bin/ld -m elf_x86_64) supports shared libraries
configure:8658: result: yes
configure:8679: checking whether -lc should be explicitly linked in
configure:8684: gcc -c -g -O2  conftest.c >&5
configure:8687: $? = 0
configure:8702: gcc -shared conftest.o  -v -Wl,-soname -Wl,conftest -o conftest 2\>\&1 \| grep  -lc  \>/dev/null 2\>\&1
configure:8705: $? = 0
configure:8717: result: no
configure:8725: checking dynamic linker characteristics
configure:9313: result: GNU/Linux ld.so
configure:9322: checking how to hardcode library paths into programs
configure:9347: result: immediate
configure:9361: checking whether stripping libraries is possible
configure:9366: result: yes
configure:10167: checking if libtool supports shared libraries
configure:10169: result: yes
configure:10172: checking whether to build shared libraries
configure:10193: result: yes
configure:10196: checking whether to build static libraries
configure:10200: result: no
configure:10292: creating libtool
configure:10880: checking for ld used by g++
configure:10947: result: /usr/bin/ld -m elf_x86_64
configure:10956: checking if the linker (/usr/bin/ld -m elf_x86_64) is GNU ld
configure:10971: result: yes
configure:11022: checking whether the g++ linker (/usr/bin/ld -m elf_x86_64) supports shared libraries
configure:11956: result: yes
configure:11974: g++ -c -g -O2  conftest.cpp >&5
configure:11977: $? = 0
configure:12096: checking for g++ option to produce PIC
configure:12370: result: -fPIC
configure:12378: checking if g++ PIC flag -fPIC works
configure:12396: g++ -c -g -O2  -fPIC -DPIC conftest.cpp >&5
configure:12400: $? = 0
configure:12413: result: yes
configure:12441: checking if g++ static flag -static works
configure:12469: result: yes
configure:12479: checking if g++ supports -c -o file.o
configure:12500: g++ -c -g -O2  -o out/conftest2.o conftest.cpp >&5
configure:12504: $? = 0
configure:12526: result: yes
configure:12552: checking whether the g++ linker (/usr/bin/ld -m elf_x86_64) supports shared libraries
configure:12577: result: yes
configure:12644: checking dynamic linker characteristics
configure:13232: result: GNU/Linux ld.so
configure:13241: checking how to hardcode library paths into programs
configure:13266: result: immediate
configure:19410: checking for main in -lfl
configure:19439: gcc -o conftest -g -O2   conftest.c -lfl   >&5
/usr/bin/ld: cannot find -lfl
collect2: error: ld returned 1 exit status
configure:19445: $? = 1
configure: failed program was:
| /* confdefs.h.  */
| #define PACKAGE_NAME ""
| #define PACKAGE_TARNAME ""
| #define PACKAGE_VERSION ""
| #define PACKAGE_STRING ""
| #define PACKAGE_BUGREPORT ""
| #define PACKAGE "htmlcxx"
| #define VERSION "0.84"
| #define STDC_HEADERS 1
| #define HAVE_SYS_TYPES_H 1
| #define HAVE_SYS_STAT_H 1
| #define HAVE_STDLIB_H 1
| #define HAVE_STRING_H 1
| #define HAVE_MEMORY_H 1
| #define HAVE_STRINGS_H 1
| #define HAVE_INTTYPES_H 1
| #define HAVE_STDINT_H 1
| #define HAVE_UNISTD_H 1
| #define HAVE_DLFCN_H 1
| /* end confdefs.h.  */
| 
| 
| int
| main ()
| {
| return main ();
|   ;
|   return 0;
| }
configure:19463: result: no
configure:19478: checking for ANSI C header files
configure:19642: result: yes
configure:19655: checking for stdbool.h that conforms to C99
configure:19748: gcc -c -g -O2  conftest.c >&5
configure:19754: $? = 0
configure:19769: result: yes
configure:19771: checking for _Bool
configure:19801: gcc -c -g -O2  conftest.c >&5
configure:19807: $? = 0
configure:19822: result: yes
configure:19841: checking for an ANSI C-conforming const
configure:19916: gcc -c -g -O2  conftest.c >&5
configure:19922: $? = 0
configure:19937: result: yes
configure:19947: checking for inline
configure:19973: gcc -c -g -O2  conftest.c >&5
configure:19979: $? = 0
configure:19997: result: inline
configure:20016: checking for size_t
configure:20046: gcc -c -g -O2  conftest.c >&5
configure:20052: $? = 0
configure:20067: result: yes
configure:20079: checking whether time.h and sys/time.h may both be included
configure:20109: gcc -c -g -O2  conftest.c >&5
configure:20115: $? = 0
configure:20130: result: yes
configure:20276: creating ./config.status

## ---------------------- ##
## Running config.status. ##
## ---------------------- ##

This file was extended by config.status, which was
generated by GNU Autoconf 2.61.  Invocation command line was

  CONFIG_FILES    = 
  CONFIG_HEADERS  = 
  CONFIG_LINKS    = 
  CONFIG_COMMANDS = 
  $ ./config.status 

on sergiy-startup

config.status:669: creating Makefile
config.status:669: creating html/Makefile
config.status:669: creating css/Makefile
config.status:669: creating htmlcxx.pc
config.status:669: creating config.h
config.status:946: executing depfiles commands

## ---------------- ##
## Cache variables. ##
## ---------------- ##

ac_cv_build=x86_64-unknown-linux-gnu
ac_cv_c_compiler_gnu=yes
ac_cv_c_const=yes
ac_cv_c_inline=inline
ac_cv_cxx_compiler_gnu=yes
ac_cv_env_CCC_set=
ac_cv_env_CCC_value=
ac_cv_env_CC_set=
ac_cv_env_CC_value=
ac_cv_env_CFLAGS_set=
ac_cv_env_CFLAGS_value=
ac_cv_env_CPPFLAGS_set=
ac_cv_env_CPPFLAGS_value=
ac_cv_env_CPP_set=
ac_cv_env_CPP_value=
ac_cv_env_CXXCPP_set=
ac_cv_env_CXXCPP_value=
ac_cv_env_CXXFLAGS_set=
ac_cv_env_CXXFLAGS_value=
ac_cv_env_CXX_set=
ac_cv_env_CXX_value=
ac_cv_env_F77_set=
ac_cv_env_F77_value=
ac_cv_env_FFLAGS_set=
ac_cv_env_FFLAGS_value=
ac_cv_env_LDFLAGS_set=
ac_cv_env_LDFLAGS_value=
ac_cv_env_LIBS_set=
ac_cv_env_LIBS_value=
ac_cv_env_YACC_set=
ac_cv_env_YACC_value=
ac_cv_env_YFLAGS_set=
ac_cv_env_YFLAGS_value=
ac_cv_env_build_alias_set=
ac_cv_env_build_alias_value=
ac_cv_env_host_alias_set=
ac_cv_env_host_alias_value=
ac_cv_env_target_alias_set=
ac_cv_env_target_alias_value=
ac_cv_f77_compiler_gnu=no
ac_cv_header_dlfcn_h=yes
ac_cv_header_inttypes_h=yes
ac_cv_header_memory_h=yes
ac_cv_header_stdbool_h=yes
ac_cv_header_stdc=yes
ac_cv_header_stdint_h=yes
ac_cv_header_stdlib_h=yes
ac_cv_header_string_h=yes
ac_cv_header_strings_h=yes
ac_cv_header_sys_stat_h=yes
ac_cv_header_sys_types_h=yes
ac_cv_header_time=yes
ac_cv_header_unistd_h=yes
ac_cv_host=x86_64-unknown-linux-gnu
ac_cv_lib_fl_main=no
ac_cv_objext=o
ac_cv_path_EGREP='/bin/grep -E'
ac_cv_path_GREP=/bin/grep
ac_cv_path_install='/usr/bin/install -c'
ac_cv_path_mkdir=/bin/mkdir
ac_cv_prog_AWK=mawk
ac_cv_prog_CPP='gcc -E'
ac_cv_prog_CXXCPP='g++ -E'
ac_cv_prog_ac_ct_AR=ar
ac_cv_prog_ac_ct_CC=gcc
ac_cv_prog_ac_ct_CXX=g++
ac_cv_prog_ac_ct_RANLIB=ranlib
ac_cv_prog_ac_ct_STRIP=strip
ac_cv_prog_cc_c89=
ac_cv_prog_cc_g=yes
ac_cv_prog_cxx_g=yes
ac_cv_prog_f77_g=no
ac_cv_prog_make_make_set=yes
ac_cv_type__Bool=yes
ac_cv_type_size_t=yes
am_cv_CC_dependencies_compiler_type=gcc3
am_cv_CXX_dependencies_compiler_type=gcc3
lt_cv_deplibs_check_method=pass_all
lt_cv_file_magic_cmd='$MAGIC_CMD'
lt_cv_file_magic_test_file=
lt_cv_ld_reload_flag=-r
lt_cv_objdir=.libs
lt_cv_path_LD=/usr/bin/ld
lt_cv_path_LDCXX='/usr/bin/ld -m elf_x86_64'
lt_cv_path_NM='/usr/bin/nm -B'
lt_cv_path_SED=/bin/sed
lt_cv_prog_compiler_c_o=yes
lt_cv_prog_compiler_c_o_CXX=yes
lt_cv_prog_compiler_rtti_exceptions=no
lt_cv_prog_gnu_ld=yes
lt_cv_prog_gnu_ldcxx=yes
lt_cv_sys_global_symbol_pipe='sed -n -e '\''s/^.*[ 	]\([ABCDGIRSTW][ABCDGIRSTW]*\)[ 	][ 	]*\([_A-Za-z][_A-Za-z0-9]*\)$/\1 \2 \2/p'\'''
lt_cv_sys_global_symbol_to_c_name_address='sed -n -e '\''s/^: \([^ ]*\) $/  {\"\1\", (lt_ptr) 0},/p'\'' -e '\''s/^[BCDEGRST] \([^ ]*\) \([^ ]*\)$/  {"\2", (lt_ptr) \&\2},/p'\'''
lt_cv_sys_global_symbol_to_cdecl='sed -n -e '\''s/^. .* \(.*\)$/extern int \1;/p'\'''
lt_cv_sys_max_cmd_len=32768
lt_lt_cv_prog_compiler_c_o='"yes"'
lt_lt_cv_prog_compiler_c_o_CXX='"yes"'
lt_lt_cv_sys_global_symbol_pipe='"sed -n -e '\''s/^.*[ 	]\\([ABCDGIRSTW][ABCDGIRSTW]*\\)[ 	][ 	]*\\([_A-Za-z][_A-Za-z0-9]*\\)\$/\\1 \\2 \\2/p'\''"'
lt_lt_cv_sys_global_symbol_to_c_name_address='"sed -n -e '\''s/^: \\([^ ]*\\) \$/  {\\\"\\1\\\", (lt_ptr) 0},/p'\'' -e '\''s/^[BCDEGRST] \\([^ ]*\\) \\([^ ]*\\)\$/  {\"\\2\", (lt_ptr) \\&\\2},/p'\''"'
lt_lt_cv_sys_global_symbol_to_cdecl='"sed -n -e '\''s/^. .* \\(.*\\)\$/extern int \\1;/p'\''"'

## ----------------- ##
## Output variables. ##
## ----------------- ##

ACLOCAL='${SHELL} /home/spometun/projects/fp/htmlcxx-0.84/missing --run aclocal-1.10'
AMDEPBACKSLASH='\'
AMDEP_FALSE='#'
AMDEP_TRUE=''
AMTAR='${SHELL} /home/spometun/projects/fp/htmlcxx-0.84/missing --run tar'
AR='ar'
AUTOCONF='${SHELL} /home/spometun/projects/fp/htmlcxx-0.84/missing --run autoconf'
AUTOHEADER='${SHELL} /home/spometun/projects/fp/htmlcxx-0.84/missing --run autoheader'
AUTOMAKE='${SHELL} /home/spometun/projects/fp/htmlcxx-0.84/missing --run automake-1.10'
AWK='mawk'
CC='gcc'
CCDEPMODE='depmode=gcc3'
CFLAGS='-g -O2'
CPP='gcc -E'
CPPFLAGS=''
CXX='g++'
CXXCPP='g++ -E'
CXXDEPMODE='depmode=gcc3'
CXXFLAGS='-g -O2 -DDEFAULT_CSS="\"${datarootdir}/htmlcxx/css/default.css\""'
CYGPATH_W='echo'
DEFS='-DHAVE_CONFIG_H'
DEPDIR='.deps'
ECHO='echo'
ECHO_C=''
ECHO_N='-n'
ECHO_T=''
EGREP='/bin/grep -E'
EXEEXT=''
F77=''
FFLAGS=''
GREP='/bin/grep'
INSTALL_DATA='${INSTALL} -m 644'
INSTALL_PROGRAM='${INSTALL}'
INSTALL_SCRIPT='${INSTALL}'
INSTALL_STRIP_PROGRAM='$(install_sh) -c -s'
LDFLAGS=''
LEX='${SHELL} /home/spometun/projects/fp/htmlcxx-0.84/missing --run flex'
LEXLIB=''
LEX_OUTPUT_ROOT=''
LIBOBJS=''
LIBS=''
LIBTOOL='$(SHELL) $(top_builddir)/libtool'
LN_S='ln -s'
LTLIBOBJS=''
MAKEINFO='${SHELL} /home/spometun/projects/fp/htmlcxx-0.84/missing --run makeinfo'
OBJEXT='o'
PACKAGE='htmlcxx'
PACKAGE_BUGREPORT=''
PACKAGE_NAME=''
PACKAGE_STRING=''
PACKAGE_TARNAME=''
PACKAGE_VERSION=''
PATH_SEPARATOR=':'
RANLIB='ranlib'
SET_MAKE=''
SHELL='/bin/bash'
STRIP='strip'
VERSION='0.84'
YACC='yacc'
YFLAGS=''
ac_ct_CC='gcc'
ac_ct_CXX='g++'
ac_ct_F77=''
am__fastdepCC_FALSE='#'
am__fastdepCC_TRUE=''
am__fastdepCXX_FALSE='#'
am__fastdepCXX_TRUE=''
am__include='include'
am__isrc=''
am__leading_dot='.'
am__quote=''
am__tar='${AMTAR} chof - "$$tardir"'
am__untar='${AMTAR} xf -'
bindir='${exec_prefix}/bin'
build='x86_64-unknown-linux-gnu'
build_alias=''
build_cpu='x86_64'
build_os='linux-gnu'
build_vendor='unknown'
datadir='${datarootdir}'
datarootdir='${prefix}/share'
docdir='${datarootdir}/doc/${PACKAGE}'
dvidir='${docdir}'
exec_prefix='${prefix}'
host='x86_64-unknown-linux-gnu'
host_alias=''
host_cpu='x86_64'
host_os='linux-gnu'
host_vendor='unknown'
htmldir='${docdir}'
includedir='${prefix}/include'
infodir='${datarootdir}/info'
install_sh='$(SHELL) /home/spometun/projects/fp/htmlcxx-0.84/install-sh'
libdir='${exec_prefix}/lib'
libexecdir='${exec_prefix}/libexec'
localedir='${datarootdir}/locale'
localstatedir='${prefix}/var'
mandir='${datarootdir}/man'
mkdir_p='/bin/mkdir -p'
oldincludedir='/usr/include'
pdfdir='${docdir}'
prefix='/usr/local'
program_transform_name='s,x,x,'
psdir='${docdir}'
sbindir='${exec_prefix}/sbin'
sharedstatedir='${prefix}/com'
sysconfdir='${prefix}/etc'
target_alias=''

## ----------- ##
## confdefs.h. ##
## ----------- ##

#define PACKAGE_NAME ""
#define PACKAGE_TARNAME ""
#define PACKAGE_VERSION ""
#define PACKAGE_STRING ""
#define PACKAGE_BUGREPORT ""
#define PACKAGE "htmlcxx"
#define VERSION "0.84"
#define STDC_HEADERS 1
#define HAVE_SYS_TYPES_H 1
#define HAVE_SYS_STAT_H 1
#define HAVE_STDLIB_H 1
#define HAVE_STRING_H 1
#define HAVE_MEMORY_H 1
#define HAVE_STRINGS_H 1
#define HAVE_INTTYPES_H 1
#define HAVE_STDINT_H 1
#define HAVE_UNISTD_H 1
#define HAVE_DLFCN_H 1
#define STDC_HEADERS 1
#define HAVE__BOOL 1
#define HAVE_STDBOOL_H 1
#define TIME_WITH_SYS_TIME 1

configure: exit 0
